<?xml version="1.0" encoding="UTF-8"?>
<!-- Generated by org.testng.reporters.JUnitXMLReporter -->
<testsuite hostname="DESKTOP-R894DIQ" name="Default test" tests="5" failures="0" timestamp="15 Sep 2020 06:46:26 GMT" time="284.16" errors="0">
  <testcase name="openApp" time="52.683" classname="Practise.MobileProjectSubmission.ScenarioExecution"/>
  <testcase name="Signin" time="22.84" classname="Practise.MobileProjectSubmission.ScenarioExecution"/>
  <testcase name="selectCourse" time="46.767" classname="Practise.MobileProjectSubmission.ScenarioExecution"/>
  <testcase name="selectLanguage" time="143.62" classname="Practise.MobileProjectSubmission.ScenarioExecution"/>
  <testcase name="logout" time="18.181" classname="Practise.MobileProjectSubmission.ScenarioExecution"/>
</testsuite> <!-- Default test -->
